=============================================================================
Filelist generated by IPexpress    11/30/2017    12:28:16          
Filename: colorspace_filelist.log                                         
Copyright(c) 2012 Lattice Semiconductor Corporation. All rights reserved.   
=============================================================================

-----------------------------------------------------------------------------
Basic IP Core Files
Output Directory: C:/Users/crobinso/Documents/Training/FAEdec2017/LAB2/ECP5_Raw10toParallel_sensor/rtl/clarity/CSC/colorspace 
-----------------------------------------------------------------------------
  colorspace.lpc
      : Lattice IP LPC File
  colorspace.ngo
      : Lattice IP Database Top File
  colorspace_bb.v
      : IP Verilog Blackbox Module
  colorspace_inst.v
      : IP Verilog Instantiation Template
  colorspace_beh.v
      : IP Verilog behavior model
  colorspace_gen.log
      : IP Status Log
  colorspace_generate.log
      : IP Generate Log

-----------------------------------------------------------------------------
Supplemental Implementation and Simulation Files:
 
Testbench files common to all CSC configurations
    ./csc_eval/testbench/colorspace_tb.v 
Testcase Readme file common to all CSC configurations
    ./csc_eval/eval_sim_readme.txt 
 
Evaluation source files specific to colorspace configuration
    ./csc_eval/colorspace/src/rtl/top/ecp5um 
    ./csc_eval/colorspace/src/params 
    ./csc_eval/colorspace/src/beh_rtl/ecp5um 
 
Simulation files specific to colorspace configuration
    ./csc_eval/colorspace/sim/modelsim 
    ./csc_eval/colorspace/sim/aldec
 
Implementation files specific to colorspace configuration
    ./csc_eval/colorspace/impl 

