=============================================================================
Filelist generated by IPexpress/Clarity    11/30/2017    15:11:14          
Filename: gammaCorrector_filelist.log                                         
Copyright(c) 2015 Lattice Semiconductor Corporation. All rights reserved.   
=============================================================================

-----------------------------------------------------------------------------
Basic IP Core Files
Output Directory: C:/Users/crobinso/Documents/Training/FAEdec2017/Rev113017/LAB2/ECP5_Raw10toParallel/rtl/clarity/Gamma/gammaCorrector 
-----------------------------------------------------------------------------
  gammaCorrector.lpc              : IP ispLEVER LPC File
  gammaCorrector_bb.v             : IP Verilog Blackbox Module
  gammaCorrector_inst.v           : IP Verilog Instantiation Template
  gammaCorrector_beh.v            : IP Verilog Behaviorial Sim Model
  gammaCorrector_gen.log          : IP Status Log
  gammaCorrector_generate.log     : IP Generate Log
  gammaCorrector.ngo              : IP Database File
Other ngo files:
  pmi_ram_dp_trueEnnblut0_initsserr1212409612124096p18afb837.ngo
  pmi_ram_dp_trueEnnblut1_initsserr1212409612124096p18afbd3c.ngo
  pmi_ram_dp_trueEnnblut2_initsserr1212409612124096p18afc241.ngo

-----------------------------------------------------------------------------
Supplemental Implementation and Simulation Files:
 
Testbench files common to all Gamma Corrector configurations
    ../C:/Users/crobinso/Documents/Training/FAEdec2017/Rev113017/LAB2/ECP5_Raw10toParallel/rtl/clarity/Gamma/gammaCorrector/gamma_eval/testbench/top 
    ../C:/Users/crobinso/Documents/Training/FAEdec2017/Rev113017/LAB2/ECP5_Raw10toParallel/rtl/clarity/Gamma/gammaCorrector/gamma_eval/testbench/tests 
 
Models common to all Gamma Corrector configurations
    ../C:/Users/crobinso/Documents/Training/FAEdec2017/Rev113017/LAB2/ECP5_Raw10toParallel/rtl/clarity/Gamma/gammaCorrector/gamma_eval/models/ecp5 
 
Evaluation source files specific to gammaCorrector configuration
    ../C:/Users/crobinso/Documents/Training/FAEdec2017/Rev113017/LAB2/ECP5_Raw10toParallel/rtl/clarity/Gamma/gammaCorrector/gamma_eval/gammaCorrector/src/rtl/top/ecp5 
    ../C:/Users/crobinso/Documents/Training/FAEdec2017/Rev113017/LAB2/ECP5_Raw10toParallel/rtl/clarity/Gamma/gammaCorrector/gamma_eval/gammaCorrector/src/rtl/templates/ecp5 
    ../C:/Users/crobinso/Documents/Training/FAEdec2017/Rev113017/LAB2/ECP5_Raw10toParallel/rtl/clarity/Gamma/gammaCorrector/gamma_eval/gammaCorrector/src/params 
 
Simulation files specific to gammaCorrector configuration
    ../C:/Users/crobinso/Documents/Training/FAEdec2017/Rev113017/LAB2/ECP5_Raw10toParallel/rtl/clarity/Gamma/gammaCorrector/gamma_eval/gammaCorrector/sim/modelsim 
    ../C:/Users/crobinso/Documents/Training/FAEdec2017/Rev113017/LAB2/ECP5_Raw10toParallel/rtl/clarity/Gamma/gammaCorrector/gamma_eval/gammaCorrector/sim/aldec 
 
Implementation files specific to gammaCorrector configuration
    ../C:/Users/crobinso/Documents/Training/FAEdec2017/Rev113017/LAB2/ECP5_Raw10toParallel/rtl/clarity/Gamma/gammaCorrector/gamma_eval/gammaCorrector/impl 

